<?xml version="1.0" encoding="UTF-8"?>
<coverage generated="1557773982895" clover="3.2.0">
  <project timestamp="1557773982895" name="All files">
    <metrics statements="45" coveredstatements="35" conditionals="0" coveredconditionals="0" methods="18" coveredmethods="7" elements="63" coveredelements="42" complexity="0" loc="45" ncloc="45" packages="4" files="7" classes="7">
      <package name="src">
        <metrics statements="9" coveredstatements="9" conditionals="0" coveredconditionals="0" methods="3" coveredmethods="3"/>
        <file name="app.controller.ts" path="/home/adam/workspace/mission/noteorious/server/src/app.controller.ts">
          <metrics statements="6" coveredstatements="6" conditionals="0" coveredconditionals="0" methods="2" coveredmethods="2"/>
          <line num="1" count="1" type="stmt"/>
          <line num="2" count="1" type="stmt"/>
          <line num="5" count="1" type="stmt"/>
          <line num="6" count="1" type="stmt"/>
          <line num="9" count="1" type="stmt"/>
          <line num="10" count="1" type="stmt"/>
        </file>
        <file name="app.service.ts" path="/home/adam/workspace/mission/noteorious/server/src/app.service.ts">
          <metrics statements="3" coveredstatements="3" conditionals="0" coveredconditionals="0" methods="1" coveredmethods="1"/>
          <line num="1" count="1" type="stmt"/>
          <line num="4" count="1" type="stmt"/>
          <line num="6" count="1" type="stmt"/>
        </file>
      </package>
      <package name="src.boards">
        <metrics statements="19" coveredstatements="14" conditionals="0" coveredconditionals="0" methods="10" coveredmethods="4"/>
        <file name="boards.controller.ts" path="/home/adam/workspace/mission/noteorious/server/src/boards/boards.controller.ts">
          <metrics statements="14" coveredstatements="11" conditionals="0" coveredconditionals="0" methods="6" coveredmethods="3"/>
          <line num="1" count="1" type="stmt"/>
          <line num="12" count="1" type="stmt"/>
          <line num="15" count="1" type="stmt"/>
          <line num="16" count="4" type="stmt"/>
          <line num="19" count="1" type="stmt"/>
          <line num="20" count="2" type="stmt"/>
          <line num="24" count="1" type="stmt"/>
          <line num="25" count="1" type="stmt"/>
          <line num="29" count="1" type="stmt"/>
          <line num="30" count="0" type="stmt"/>
          <line num="34" count="1" type="stmt"/>
          <line num="35" count="0" type="stmt"/>
          <line num="39" count="1" type="stmt"/>
          <line num="40" count="0" type="stmt"/>
        </file>
        <file name="boards.service.ts" path="/home/adam/workspace/mission/noteorious/server/src/boards/boards.service.ts">
          <metrics statements="5" coveredstatements="3" conditionals="0" coveredconditionals="0" methods="4" coveredmethods="1"/>
          <line num="1" count="2" type="stmt"/>
          <line num="5" count="2" type="stmt"/>
          <line num="6" count="5" type="stmt"/>
          <line num="25" count="0" type="stmt"/>
          <line num="29" count="0" type="stmt"/>
        </file>
      </package>
      <package name="src.boards.test">
        <metrics statements="3" coveredstatements="3" conditionals="0" coveredconditionals="0" methods="0" coveredmethods="0"/>
        <file name="fixtures.ts" path="/home/adam/workspace/mission/noteorious/server/src/boards/test/fixtures.ts">
          <metrics statements="3" coveredstatements="3" conditionals="0" coveredconditionals="0" methods="0" coveredmethods="0"/>
          <line num="1" count="1" type="stmt"/>
          <line num="7" count="1" type="stmt"/>
          <line num="9" count="1" type="stmt"/>
        </file>
      </package>
      <package name="src.notes">
        <metrics statements="14" coveredstatements="9" conditionals="0" coveredconditionals="0" methods="5" coveredmethods="0"/>
        <file name="notes.controller.ts" path="/home/adam/workspace/mission/noteorious/server/src/notes/notes.controller.ts">
          <metrics statements="12" coveredstatements="7" conditionals="0" coveredconditionals="0" methods="5" coveredmethods="0"/>
          <line num="1" count="1" type="stmt"/>
          <line num="13" count="1" type="stmt"/>
          <line num="15" count="1" type="stmt"/>
          <line num="16" count="0" type="stmt"/>
          <line num="20" count="1" type="stmt"/>
          <line num="21" count="0" type="stmt"/>
          <line num="25" count="1" type="stmt"/>
          <line num="26" count="0" type="stmt"/>
          <line num="30" count="1" type="stmt"/>
          <line num="31" count="0" type="stmt"/>
          <line num="35" count="1" type="stmt"/>
          <line num="36" count="0" type="stmt"/>
        </file>
        <file name="notes.service.ts" path="/home/adam/workspace/mission/noteorious/server/src/notes/notes.service.ts">
          <metrics statements="2" coveredstatements="2" conditionals="0" coveredconditionals="0" methods="0" coveredmethods="0"/>
          <line num="1" count="1" type="stmt"/>
          <line num="4" count="1" type="stmt"/>
        </file>
      </package>
    </metrics>
  </project>
</coverage>
