TN:
SF:/home/adam/workspace/mission/noteorious/server/src/app.controller.ts
FN:6,(anonymous_2)
FN:9,(anonymous_3)
FNF:2
FNH:2
FNDA:1,(anonymous_2)
FNDA:1,(anonymous_3)
DA:1,1
DA:2,1
DA:5,1
DA:6,1
DA:9,1
DA:10,1
LF:6
LH:6
BRF:0
BRH:0
end_of_record
TN:
SF:/home/adam/workspace/mission/noteorious/server/src/app.service.ts
FN:5,(anonymous_1)
FNF:1
FNH:1
FNDA:1,(anonymous_1)
DA:1,1
DA:4,1
DA:6,1
LF:3
LH:3
BRF:0
BRH:0
end_of_record
TN:
SF:/home/adam/workspace/mission/noteorious/server/src/boards/boards.controller.ts
FN:16,(anonymous_4)
FN:19,(anonymous_5)
FN:24,(anonymous_6)
FN:29,(anonymous_7)
FN:34,(anonymous_8)
FN:39,(anonymous_9)
FNF:6
FNH:3
FNDA:4,(anonymous_4)
FNDA:2,(anonymous_5)
FNDA:1,(anonymous_6)
FNDA:0,(anonymous_7)
FNDA:0,(anonymous_8)
FNDA:0,(anonymous_9)
DA:1,1
DA:12,1
DA:15,1
DA:16,4
DA:19,1
DA:20,2
DA:24,1
DA:25,1
DA:29,1
DA:30,0
DA:34,1
DA:35,0
DA:39,1
DA:40,0
LF:14
LH:11
BRF:0
BRH:0
end_of_record
TN:
SF:/home/adam/workspace/mission/noteorious/server/src/boards/boards.service.ts
FN:4,(anonymous_1)
FN:24,(anonymous_2)
FN:28,(anonymous_3)
FN:29,(anonymous_4)
FNF:4
FNH:1
FNDA:5,(anonymous_1)
FNDA:0,(anonymous_2)
FNDA:0,(anonymous_3)
FNDA:0,(anonymous_4)
DA:1,2
DA:5,2
DA:6,5
DA:25,0
DA:29,0
LF:5
LH:3
BRF:0
BRH:0
end_of_record
TN:
SF:/home/adam/workspace/mission/noteorious/server/src/boards/test/fixtures.ts
FNF:0
FNH:0
DA:1,1
DA:7,1
DA:9,1
LF:3
LH:3
BRF:0
BRH:0
end_of_record
TN:
SF:/home/adam/workspace/mission/noteorious/server/src/notes/notes.controller.ts
FN:15,(anonymous_4)
FN:20,(anonymous_5)
FN:25,(anonymous_6)
FN:30,(anonymous_7)
FN:35,(anonymous_8)
FNF:5
FNH:0
FNDA:0,(anonymous_4)
FNDA:0,(anonymous_5)
FNDA:0,(anonymous_6)
FNDA:0,(anonymous_7)
FNDA:0,(anonymous_8)
DA:1,1
DA:13,1
DA:15,1
DA:16,0
DA:20,1
DA:21,0
DA:25,1
DA:26,0
DA:30,1
DA:31,0
DA:35,1
DA:36,0
LF:12
LH:7
BRF:0
BRH:0
end_of_record
TN:
SF:/home/adam/workspace/mission/noteorious/server/src/notes/notes.service.ts
FNF:0
FNH:0
DA:1,1
DA:4,1
LF:2
LH:2
BRF:0
BRH:0
end_of_record
